  main.cpp
C:\Users\cj\source\repos\cjaser-main (1)\cjaser-main\MyProject\camera.h(46,17): warning C4244: “=”: 从“int”转换到“float”，可能丢失数据
  (编译源文件“main.cpp”)
  
C:\Users\cj\source\repos\cjaser-main (1)\cjaser-main\MyProject\camera.h(47,18): warning C4244: “=”: 从“int”转换到“float”，可能丢失数据
  (编译源文件“main.cpp”)
  
C:\Users\cj\source\repos\cjaser-main (1)\cjaser-main\MyProject\Run.h(24,16): warning C4244: “初始化”: 从“float”转换到“int”，可能丢失数据
  (编译源文件“main.cpp”)
  
C:\Users\cj\source\repos\cjaser-main (1)\cjaser-main\MyProject\Run.h(25,32): warning C4018: “>=”: 有符号/无符号不匹配
  (编译源文件“main.cpp”)
  
C:\Users\cj\source\repos\cjaser-main (1)\cjaser-main\MyProject\Run.h(29,17): warning C4244: “初始化”: 从“float”转换到“int”，可能丢失数据
  (编译源文件“main.cpp”)
  
C:\Users\cj\source\repos\cjaser-main (1)\cjaser-main\MyProject\Run.h(30,33): warning C4018: “>=”: 有符号/无符号不匹配
  (编译源文件“main.cpp”)
  
C:\Users\cj\source\repos\cjaser-main (1)\cjaser-main\MyProject\Run.h(106,12): warning C4244: “=”: 从“int”转换到“float”，可能丢失数据
  (编译源文件“main.cpp”)
  
C:\Users\cj\source\repos\cjaser-main (1)\cjaser-main\MyProject\Run.h(107,12): warning C4244: “=”: 从“int”转换到“float”，可能丢失数据
  (编译源文件“main.cpp”)
  
C:\Users\cj\source\repos\cjaser-main (1)\cjaser-main\MyProject\Run.h(146,69): warning C4244: “参数”: 从“float”转换到“unsigned int”，可能丢失数据
  (编译源文件“main.cpp”)
  
C:\Users\cj\source\repos\cjaser-main (1)\cjaser-main\MyProject\Run.h(146,60): warning C4244: “参数”: 从“float”转换到“unsigned int”，可能丢失数据
  (编译源文件“main.cpp”)
  
C:\Users\cj\source\repos\cjaser-main (1)\cjaser-main\MyProject\Run.h(146,41): warning C4244: “参数”: 从“float”转换到“unsigned int”，可能丢失数据
  (编译源文件“main.cpp”)
  
C:\Users\cj\source\repos\cjaser-main (1)\cjaser-main\MyProject\Run.h(146,34): warning C4244: “参数”: 从“float”转换到“unsigned int”，可能丢失数据
  (编译源文件“main.cpp”)
  
C:\Users\cj\source\repos\cjaser-main (1)\cjaser-main\MyProject\Run.h(177,12): warning C4244: “=”: 从“int”转换到“float”，可能丢失数据
  (编译源文件“main.cpp”)
  
C:\Users\cj\source\repos\cjaser-main (1)\cjaser-main\MyProject\Run.h(191,69): warning C4244: “参数”: 从“float”转换到“unsigned int”，可能丢失数据
  (编译源文件“main.cpp”)
  
C:\Users\cj\source\repos\cjaser-main (1)\cjaser-main\MyProject\Run.h(191,60): warning C4244: “参数”: 从“float”转换到“unsigned int”，可能丢失数据
  (编译源文件“main.cpp”)
  
C:\Users\cj\source\repos\cjaser-main (1)\cjaser-main\MyProject\Run.h(191,41): warning C4244: “参数”: 从“float”转换到“unsigned int”，可能丢失数据
  (编译源文件“main.cpp”)
  
C:\Users\cj\source\repos\cjaser-main (1)\cjaser-main\MyProject\Run.h(191,34): warning C4244: “参数”: 从“float”转换到“unsigned int”，可能丢失数据
  (编译源文件“main.cpp”)
  
C:\Users\cj\source\repos\cjaser-main (1)\cjaser-main\MyProject\Run.h(251,33): warning C4244: “参数”: 从“float”转换到“int”，可能丢失数据
  (编译源文件“main.cpp”)
  
C:\Users\cj\source\repos\cjaser-main (1)\cjaser-main\MyProject\Run.h(296,12): warning C4244: “=”: 从“int”转换到“float”，可能丢失数据
  (编译源文件“main.cpp”)
  
C:\Users\cj\source\repos\cjaser-main (1)\cjaser-main\MyProject\Run.h(297,12): warning C4244: “=”: 从“int”转换到“float”，可能丢失数据
  (编译源文件“main.cpp”)
  
C:\Users\cj\source\repos\cjaser-main (1)\cjaser-main\MyProject\Run.h(304,69): warning C4244: “参数”: 从“float”转换到“unsigned int”，可能丢失数据
  (编译源文件“main.cpp”)
  
C:\Users\cj\source\repos\cjaser-main (1)\cjaser-main\MyProject\Run.h(304,60): warning C4244: “参数”: 从“float”转换到“unsigned int”，可能丢失数据
  (编译源文件“main.cpp”)
  
C:\Users\cj\source\repos\cjaser-main (1)\cjaser-main\MyProject\Run.h(304,41): warning C4244: “参数”: 从“float”转换到“unsigned int”，可能丢失数据
  (编译源文件“main.cpp”)
  
C:\Users\cj\source\repos\cjaser-main (1)\cjaser-main\MyProject\Run.h(304,34): warning C4244: “参数”: 从“float”转换到“unsigned int”，可能丢失数据
  (编译源文件“main.cpp”)
  
C:\Users\cj\source\repos\cjaser-main (1)\cjaser-main\MyProject\Run.h(379,5): warning C4060: switch 语句没有包含“case”或“default”标签
  (编译源文件“main.cpp”)
  
C:\Users\cj\source\repos\cjaser-main (1)\cjaser-main\MyProject\Run.h(374,5): warning C4102: “case0”: 未引用的标签
  (编译源文件“main.cpp”)
  
C:\Users\cj\source\repos\cjaser-main (1)\cjaser-main\MyProject\Run.h(375,5): warning C4102: “case1”: 未引用的标签
  (编译源文件“main.cpp”)
  
C:\Users\cj\source\repos\cjaser-main (1)\cjaser-main\MyProject\Run.h(376,5): warning C4102: “case2”: 未引用的标签
  (编译源文件“main.cpp”)
  
C:\Users\cj\source\repos\cjaser-main (1)\cjaser-main\MyProject\Run.h(377,5): warning C4102: “case3”: 未引用的标签
  (编译源文件“main.cpp”)
  
C:\Users\cj\source\repos\cjaser-main (1)\cjaser-main\MyProject\Run.h(450,12): warning C4244: “=”: 从“int”转换到“float”，可能丢失数据
  (编译源文件“main.cpp”)
  
C:\Users\cj\source\repos\cjaser-main (1)\cjaser-main\MyProject\Run.h(451,12): warning C4244: “=”: 从“int”转换到“float”，可能丢失数据
  (编译源文件“main.cpp”)
  
C:\Users\cj\source\repos\cjaser-main (1)\cjaser-main\MyProject\Run.h(463,24): warning C4244: “参数”: 从“float”转换到“int”，可能丢失数据
  (编译源文件“main.cpp”)
  
C:\Users\cj\source\repos\cjaser-main (1)\cjaser-main\MyProject\Run.h(542,60): warning C4244: “参数”: 从“unsigned int”转换到“float”，可能丢失数据
  (编译源文件“main.cpp”)
  
C:\Users\cj\source\repos\cjaser-main (1)\cjaser-main\MyProject\Run.h(542,41): warning C4244: “参数”: 从“unsigned int”转换到“float”，可能丢失数据
  (编译源文件“main.cpp”)
  
C:\Users\cj\source\repos\cjaser-main (1)\cjaser-main\MyProject\Run.h(548,69): warning C4244: “参数”: 从“int”转换到“float”，可能丢失数据
  (编译源文件“main.cpp”)
  
C:\Users\cj\source\repos\cjaser-main (1)\cjaser-main\MyProject\Run.h(548,62): warning C4244: “参数”: 从“int”转换到“float”，可能丢失数据
  (编译源文件“main.cpp”)
  
C:\Users\cj\source\repos\cjaser-main (1)\cjaser-main\MyProject\Map.h(32,30): warning C4244: “参数”: 从“int”转换到“float”，可能丢失数据
  (编译源文件“main.cpp”)
  
C:\Users\cj\source\repos\cjaser-main (1)\cjaser-main\MyProject\Map.h(32,27): warning C4244: “参数”: 从“int”转换到“float”，可能丢失数据
  (编译源文件“main.cpp”)
  
C:\Users\cj\source\repos\cjaser-main (1)\cjaser-main\MyProject\Map.h(38,67): warning C4244: “参数”: 从“float”转换到“unsigned int”，可能丢失数据
  (编译源文件“main.cpp”)
  
C:\Users\cj\source\repos\cjaser-main (1)\cjaser-main\MyProject\Map.h(38,49): warning C4244: “参数”: 从“float”转换到“unsigned int”，可能丢失数据
  (编译源文件“main.cpp”)
  
C:\Users\cj\source\repos\cjaser-main (1)\cjaser-main\MyProject\Map.h(125,22): warning C4244: “参数”: 从“float”转换到“int”，可能丢失数据
  (编译源文件“main.cpp”)
  
C:\Users\cj\source\repos\cjaser-main (1)\cjaser-main\MyProject\Map.h(129,25): warning C4244: “参数”: 从“float”转换到“int”，可能丢失数据
  (编译源文件“main.cpp”)
  
C:\Users\cj\source\repos\cjaser-main (1)\cjaser-main\MyProject\Map.h(153,18): warning C4244: “初始化”: 从“float”转换到“int”，可能丢失数据
  (编译源文件“main.cpp”)
  
C:\Users\cj\source\repos\cjaser-main (1)\cjaser-main\MyProject\Map.h(155,19): warning C4244: “初始化”: 从“float”转换到“int”，可能丢失数据
  (编译源文件“main.cpp”)
  
C:\Users\cj\source\repos\cjaser-main (1)\cjaser-main\MyProject\Map.h(157,17): warning C4244: “初始化”: 从“float”转换到“int”，可能丢失数据
  (编译源文件“main.cpp”)
  
C:\Users\cj\source\repos\cjaser-main (1)\cjaser-main\MyProject\Map.h(159,20): warning C4244: “初始化”: 从“float”转换到“int”，可能丢失数据
  (编译源文件“main.cpp”)
  
C:\Users\cj\source\repos\cjaser-main (1)\cjaser-main\MyProject\main.cpp(55,53): warning C4244: “参数”: 从“int”转换到“float”，可能丢失数据
C:\Users\cj\source\repos\cjaser-main (1)\cjaser-main\MyProject\main.cpp(55,35): warning C4244: “参数”: 从“int”转换到“float”，可能丢失数据
C:\Users\cj\source\repos\cjaser-main (1)\cjaser-main\MyProject\main.cpp(55,19): warning C4244: “参数”: 从“int”转换到“float”，可能丢失数据
C:\Users\cj\source\repos\cjaser-main (1)\cjaser-main\MyProject\main.cpp(55,16): warning C4244: “参数”: 从“int”转换到“float”，可能丢失数据
C:\Users\cj\source\repos\cjaser-main (1)\cjaser-main\MyProject\main.cpp(56,61): warning C4244: “参数”: 从“int”转换到“float”，可能丢失数据
C:\Users\cj\source\repos\cjaser-main (1)\cjaser-main\MyProject\main.cpp(56,43): warning C4244: “参数”: 从“int”转换到“float”，可能丢失数据
C:\Users\cj\source\repos\cjaser-main (1)\cjaser-main\MyProject\main.cpp(57,71): warning C4244: “参数”: 从“int”转换到“float”，可能丢失数据
C:\Users\cj\source\repos\cjaser-main (1)\cjaser-main\MyProject\main.cpp(57,53): warning C4244: “参数”: 从“int”转换到“float”，可能丢失数据
C:\Users\cj\source\repos\cjaser-main (1)\cjaser-main\MyProject\main.cpp(57,28): warning C4244: “参数”: 从“int”转换到“float”，可能丢失数据
C:\Users\cj\source\repos\cjaser-main (1)\cjaser-main\MyProject\main.cpp(57,25): warning C4244: “参数”: 从“int”转换到“float”，可能丢失数据
C:\Users\cj\source\repos\cjaser-main (1)\cjaser-main\MyProject\main.cpp(88,61): warning C4244: “参数”: 从“int”转换到“float”，可能丢失数据
C:\Users\cj\source\repos\cjaser-main (1)\cjaser-main\MyProject\main.cpp(88,43): warning C4244: “参数”: 从“int”转换到“float”，可能丢失数据
C:\Users\cj\source\repos\cjaser-main (1)\cjaser-main\MyProject\main.cpp(89,71): warning C4244: “参数”: 从“int”转换到“float”，可能丢失数据
C:\Users\cj\source\repos\cjaser-main (1)\cjaser-main\MyProject\main.cpp(89,53): warning C4244: “参数”: 从“int”转换到“float”，可能丢失数据
C:\Users\cj\source\repos\cjaser-main (1)\cjaser-main\MyProject\main.cpp(89,28): warning C4244: “参数”: 从“int”转换到“float”，可能丢失数据
C:\Users\cj\source\repos\cjaser-main (1)\cjaser-main\MyProject\main.cpp(89,25): warning C4244: “参数”: 从“int”转换到“float”，可能丢失数据
C:\Users\cj\source\repos\cjaser-main (1)\cjaser-main\MyProject\Run.h(386,1): error C4700: 使用了未初始化的局部变量“p”
